wa/workloads/pcmark/uiauto/app/build/outputs/logs/manifest-merger-debug-report.txt
-- Merging decision tree log ---
manifest
ADDED from src/main/AndroidManifest.xml:2:1-12:12
	package
		ADDED from src/main/AndroidManifest.xml:3:5-39
		INJECTED from src/main/AndroidManifest.xml
		INJECTED from src/main/AndroidManifest.xml
	android:versionName
		ADDED from src/main/AndroidManifest.xml:5:5-30
		INJECTED from src/main/AndroidManifest.xml
		INJECTED from src/main/AndroidManifest.xml
	android:versionCode
		ADDED from src/main/AndroidManifest.xml:4:5-28
		INJECTED from src/main/AndroidManifest.xml
		INJECTED from src/main/AndroidManifest.xml
	xmlns:android
		ADDED from src/main/AndroidManifest.xml:2:11-69
instrumentation
ADDED from src/main/AndroidManifest.xml:8:5-10:51
	android:targetPackage
		ADDED from src/main/AndroidManifest.xml:10:9-49
		INJECTED from src/main/AndroidManifest.xml
	android:name
		ADDED from src/main/AndroidManifest.xml:9:9-70
uses-sdk
INJECTED from src/main/AndroidManifest.xml reason: use-sdk injection requested
MERGED from [com.android.support.test:rules:0.5] AndroidManifest.xml:5:5-7:41
MERGED from [com.android.support.test:runner:0.5] AndroidManifest.xml:20:5-22:41
MERGED from [com.android.support.test:exposed-instrumentation-api-publish:0.5] AndroidManifest.xml:20:5-22:41
MERGED from [com.android.support.test.uiautomator:uiautomator-v18:2.1.2] AndroidManifest.xml:20:5-44
MERGED from [:uiauto:] AndroidManifest.xml:5:5-7:41
	android:targetSdkVersion
		INJECTED from src/main/AndroidManifest.xml
		INJECTED from src/main/AndroidManifest.xml
	android:minSdkVersion
		INJECTED from src/main/AndroidManifest.xml
		INJECTED from src/main/AndroidManifest.xml
application
ADDED from [com.android.support.test:runner:0.5] AndroidManifest.xml:24:5-20
MERGED from [com.android.support.test:exposed-instrumentation-api-publish:0.5] AndroidManifest.xml:24:5-20
MERGED from [com.android.support.test.uiautomator:uiautomator-v18:2.1.2] AndroidManifest.xml:22:5-20
MERGED from [:uiauto:] AndroidManifest.xml:11:5-13:19
uses-permission#android.permission.READ_LOGS
ADDED from [:uiauto:] AndroidManifest.xml:9:5-68
	android:name
		ADDED from [:uiauto:] AndroidManifest.xml:9:22-65
uses-library#android.test.runner
ADDED from [:uiauto:] AndroidManifest.xml:12:9-60
	android:name
		ADDED from [:uiauto:] AndroidManifest.xml:12:23-57